20230903	21:32:18	07037474-3d22-42af-b073-8f77752d1c08	Error: Cannot set headers after they are sent to the client	POST	/users	undefined
20230903	21:32:48	26d858b3-d88d-4fd8-a13d-6e481e359ab2	Error: Cannot set headers after they are sent to the client	POST	/users	undefined
20230903	21:33:29	a0d5b26e-2716-4649-93fd-00057958b14e	Error: Cannot set headers after they are sent to the client	POST	/users	undefined
20230903	21:34:16	124c5496-5c47-4b7e-8d4a-6215fff40a1f	Error: Cannot set headers after they are sent to the client	POST	/users	undefined
20230903	21:37:00	5efdfde3-0d8a-4ba4-9819-156ef445da9f	Error: Cannot set headers after they are sent to the client	POST	/users	undefined
20230903	21:37:20	2898d8a6-ae43-4ac4-bc11-3d295194ce80	Error: Cannot set headers after they are sent to the client	POST	/users	undefined
20230904	09:43:10	a64c16da-1a3e-42bc-87bf-b00aed87f7dc	Error: Not allowed by CORS	POST	/auth	http://localhost:5173
20230905	00:08:38	11f6128b-71b4-4d98-8339-62071bcf608d	SyntaxError: Unexpected token } in JSON at position 66	POST	/auth/	undefined
20230905	00:43:12	b89b6ee0-2dc1-4826-9d73-ffb850a47719	MongooseError: Model.findByIdAndDelete() no longer accepts a callback	DELETE	/circle/64f61c07ef6a0da1258ba644	undefined
20230908	23:41:43	a668c015-9b4b-4f40-8639-02cf8b21f046	Error: Upload preset not found	POST	/circle	http://localhost:5173
20230918	20:10:32	cd93cb44-cfed-45f0-a444-935b7d978371	Error: Not allowed by CORS	OPTIONS	/auth	http://localhost:5174
20231003	00:26:29	2a1ddd5e-6d13-4174-b5ad-b98a4fab8dcf	MissingSchemaError: Schema hasn't been registered for model "posts".
Use mongoose.model(name, schema)	GET	/posts/64fc8055fd2367f8dddd36ca?page=1	http://localhost:5173
20231003	00:35:53	3de53028-a65c-4d29-a879-55b02e1c65e5	MongooseError: Model.aggregate() no longer accepts a callback	GET	/posts/64fc8055fd2367f8dddd36ca?page=1	http://localhost:5173
20231003	00:36:28	ceb42c43-b77b-4a95-92d2-ab5b5d143d96	BSONVersionError: Unsupported BSON version, bson types must be from bson 5.0 or later	GET	/posts/64fc8055fd2367f8dddd36ca?page=1	http://localhost:5173
20231003	00:40:00	ac4cb4f8-632c-4389-95fb-8ad4ad8292b2	BSONVersionError: Unsupported BSON version, bson types must be from bson 5.0 or later	GET	/posts/64fc8055fd2367f8dddd36ca?page=1	http://localhost:5173
20231003	00:40:55	3fe60c28-bcc6-461b-9c93-791701b83f43	BSONVersionError: Unsupported BSON version, bson types must be from bson 5.0 or later	GET	/posts/64fc8055fd2367f8dddd36ca?page=1	http://localhost:5173
20231003	00:46:16	311016bb-3368-4520-93f7-a91a19812dc6	BSONVersionError: Unsupported BSON version, bson types must be from bson 5.0 or later	GET	/posts/64fc8055fd2367f8dddd36ca?page=1	http://localhost:5173
20231003	00:46:51	936c7d6f-8dde-46a5-b16c-4ebe35e42bce	BSONVersionError: Unsupported BSON version, bson types must be from bson 5.0 or later	GET	/posts/64fc8055fd2367f8dddd36ca?page=1	http://localhost:5173
20231003	00:47:25	ae644a8b-7843-473a-91ed-a48da2f7d85d	BSONVersionError: Unsupported BSON version, bson types must be from bson 5.0 or later	GET	/posts/64fc8055fd2367f8dddd36ca?page=1	http://localhost:5173
20231003	00:48:16	6a513315-76f2-475c-b06d-d0cf619da084	BSONVersionError: Unsupported BSON version, bson types must be from bson 5.0 or later	GET	/posts/64fc8055fd2367f8dddd36ca?page=1	http://localhost:5173
20231003	00:51:55	87aa1bd4-2bb2-45ef-968e-17e5dcce6ac3	BSONVersionError: Unsupported BSON version, bson types must be from bson 5.0 or later	GET	/posts/64fc8055fd2367f8dddd36ca?page=1	http://localhost:5173
20231003	00:53:32	617ee366-7b52-4d00-b03f-990284a59579	BSONVersionError: Unsupported BSON version, bson types must be from bson 5.0 or later	GET	/posts/64fc8055fd2367f8dddd36ca?page=1	http://localhost:5173
20231003	00:53:42	65dcb2e5-c830-41ea-96f8-112d8890c568	BSONVersionError: Unsupported BSON version, bson types must be from bson 5.0 or later	GET	/posts/64fc8055fd2367f8dddd36ca?page=1	http://localhost:5173
