20230903	18:13:32	49fe7810-71c6-416c-81c9-711a5274244e	GET	/	undefined
20230903	21:21:17	23934477-d754-47c8-9109-dbc9c56740dd	POST	/users	undefined
20230903	21:23:01	e23c833d-7aef-46b4-9bcc-9206c1524dfb	POST	/users	undefined
20230903	21:32:01	b3c3b7cf-4aea-48a8-abb8-83ea70794913	POST	/users	undefined
20230903	21:32:17	1361409b-5568-41cc-a6cb-00db422382b2	POST	/users	undefined
20230903	21:32:48	3f7cfeac-556b-4f37-a09e-2d2ca2806318	POST	/users	undefined
20230903	21:33:28	7767fd04-bff4-4ccf-9a4e-9d0df49b0953	POST	/users	undefined
20230903	21:34:15	761c96bc-18d2-4882-a8a3-2e8a023a3d2c	POST	/users	undefined
20230903	21:37:00	d854b773-34e5-4d0f-9bcf-d9c8c95f4dbe	POST	/users	undefined
20230903	21:37:20	44c9b7a0-fd19-4b3c-92df-23d334a5a87c	POST	/users	undefined
20230903	21:37:47	7ce69e7f-7841-43b4-8a10-38bc26630c6c	POST	/users	undefined
20230903	22:19:37	3de2b924-b99c-4e05-b108-08667cbcf00b	POST	/auth	undefined
20230903	22:20:02	bf0ac107-ffcc-43de-a6c4-084c0be782bb	POST	/auth/refresh	undefined
20230903	22:20:10	acec8d41-19d7-4ec4-ba03-7740639edfae	POST	/auth/refresh	undefined
20230903	22:20:25	4aa5406a-dce3-44be-b7fc-f148a4d612be	GET	/auth/refresh	undefined
20230903	22:21:06	5619f1e5-4cfc-4604-bbbf-49ef933f3bac	POST	/auth	undefined
20230903	22:21:17	3e3b9511-2651-45aa-94ed-d1b0807a2f7a	GET	/auth/refresh	undefined
20230903	22:21:53	68576b68-866e-49c6-af58-8656bd00bad1	GET	/auth/refresh	undefined
20230903	23:21:59	494c6d4d-144f-42c8-ab03-bf08c00bfe6e	POST	/auth/	undefined
20230903	23:22:06	41ffcec7-8b37-47ac-a576-f20057f1ae0e	POST	/auth/	undefined
20230903	23:22:17	e6255caa-37c5-4dae-a218-9a701897fc6d	POST	/auth/	undefined
20230903	23:22:29	240172c8-6a78-4188-8ba0-1704a0cb0bb7	POST	/auth/	undefined
20230903	23:22:57	044f9bcb-2f86-4aa6-b59d-7869e6d5c02e	POST	/auth/	undefined
20230903	23:23:05	55510ece-05cc-4202-8ff8-91fb1e260d6f	POST	/auth/refresh	undefined
20230903	23:23:17	f06b617c-3a74-4157-8b36-837350e91123	GET	/auth/refresh	undefined
20230903	23:32:08	a062fd65-0892-489c-a152-0dbd7498e1c6	GET	/auth/refresh	undefined
20230903	23:34:27	5f825a19-d7d1-4f71-a437-bcbc0eda445e	POST	/auth/logout	undefined
20230904	09:43:10	fa1fcc88-9aa3-42f3-8118-bf5e87006c0c	POST	/auth	http://localhost:5173
20230904	09:44:42	34bf00bb-aac1-4854-bd2b-25f440e1fb1b	POST	/auth	http://localhost:5173
20230904	09:46:41	4080a3b5-312f-44ac-95b3-1ccf878e9e4f	POST	/users	http://localhost:5173
20230904	09:50:01	8ccdc7cc-bb8e-458a-a803-466dc8f10449	POST	/users	http://localhost:5173
20230904	09:50:50	1ac5ce8b-bb98-4e83-99d8-d830a2b86863	POST	/users	http://localhost:5173
20230904	09:50:55	e4e6b9a0-e135-44a4-90ae-a38f12f78b14	POST	/users	http://localhost:5173
20230904	09:52:28	7a431ccd-729d-485f-afac-243ccc1c3595	POST	/users	http://localhost:5173
20230904	09:55:25	5ea10f26-87cd-4b44-b4ab-287a0e7cc408	POST	/users	http://localhost:5173
20230904	09:59:10	59a97de6-2cea-42c7-9d29-53118c818dbb	POST	/users	http://localhost:5173
20230904	12:05:53	b1ad3eb9-81e6-4441-b4d4-f933165ad8b9	POST	/users	http://localhost:5173
20230904	12:07:10	8c6158bf-4339-40a3-a992-efa212fc9095	POST	/users	http://localhost:5173
20230904	12:07:47	01dd3f32-5b45-4f79-9dda-792866f51bb6	POST	/users	http://localhost:5173
20230904	12:10:20	9fe5dc9b-66a9-4f71-9357-c7655c0d8b0b	POST	/users	http://localhost:5173
20230904	12:18:18	026e1856-ee6c-4dd0-9f8a-f50798ef01c0	POST	/users	http://localhost:5173
